app/build/outputs/logs/manifest-merger-debug-report.txt
-- Merging decision tree log ---
manifest
ADDED from src/main/AndroidManifest.xml:2:1-53:12
	package
		ADDED from src/main/AndroidManifest.xml:3:5-42
		INJECTED from src/main/AndroidManifest.xml
		INJECTED from src/main/AndroidManifest.xml
	android:versionName
		INJECTED from src/main/AndroidManifest.xml
		INJECTED from src/main/AndroidManifest.xml
	xmlns:android
		ADDED from src/main/AndroidManifest.xml:2:11-69
	android:versionCode
		INJECTED from src/main/AndroidManifest.xml
		INJECTED from src/main/AndroidManifest.xml
uses-permission#android.permission.INTERNET
ADDED from src/main/AndroidManifest.xml:5:5-66
	android:name
		ADDED from src/main/AndroidManifest.xml:5:22-64
uses-permission#android.permission.READ_EXTERNAL_STORAGE
ADDED from src/main/AndroidManifest.xml:6:5-79
	android:name
		ADDED from src/main/AndroidManifest.xml:6:22-77
uses-permission#android.permission.WRITE_EXTERNAL_STORAGE
ADDED from src/main/AndroidManifest.xml:7:5-80
	android:name
		ADDED from src/main/AndroidManifest.xml:7:22-78
application
ADDED from src/main/AndroidManifest.xml:9:5-51:19
MERGED from [com.android.support:appcompat-v7:23.1.1] AndroidManifest.xml:22:5-20
MERGED from [com.android.support:support-v4:23.1.1] AndroidManifest.xml:22:5-20
MERGED from [com.android.support:design:23.1.1] AndroidManifest.xml:22:5-20
MERGED from [com.android.support:appcompat-v7:23.1.1] AndroidManifest.xml:22:5-20
MERGED from [com.android.support:support-v4:23.1.1] AndroidManifest.xml:22:5-20
MERGED from [com.android.support:support-v4:23.1.1] AndroidManifest.xml:22:5-20
MERGED from [com.android.support:support-v4:23.1.1] AndroidManifest.xml:22:5-20
MERGED from [com.android.support:cardview-v7:23.1.0] AndroidManifest.xml:22:5-20
	android:label
		ADDED from src/main/AndroidManifest.xml:12:9-41
	android:supportsRtl
		ADDED from src/main/AndroidManifest.xml:13:9-35
	android:allowBackup
		ADDED from src/main/AndroidManifest.xml:10:9-35
	android:icon
		ADDED from src/main/AndroidManifest.xml:11:9-43
	android:theme
		ADDED from src/main/AndroidManifest.xml:15:9-40
	android:name
		ADDED from src/main/AndroidManifest.xml:14:9-40
activity#com.example.afif.mirrawtest.ui.activity.MainActivity
ADDED from src/main/AndroidManifest.xml:16:9-27:20
	android:screenOrientation
		ADDED from src/main/AndroidManifest.xml:19:13-49
	android:label
		ADDED from src/main/AndroidManifest.xml:18:13-45
	android:launchMode
		ADDED from src/main/AndroidManifest.xml:20:13-43
	android:theme
		ADDED from src/main/AndroidManifest.xml:21:13-44
	android:name
		ADDED from src/main/AndroidManifest.xml:17:13-53
intent-filter#android.intent.action.MAIN+android.intent.category.LAUNCHER
ADDED from src/main/AndroidManifest.xml:22:13-26:29
action#android.intent.action.MAIN
ADDED from src/main/AndroidManifest.xml:23:17-69
	android:name
		ADDED from src/main/AndroidManifest.xml:23:25-66
category#android.intent.category.LAUNCHER
ADDED from src/main/AndroidManifest.xml:25:17-77
	android:name
		ADDED from src/main/AndroidManifest.xml:25:27-74
activity#com.example.afif.mirrawtest.ui.activity.PostCommentsActivity
ADDED from src/main/AndroidManifest.xml:29:9-38:20
	android:screenOrientation
		ADDED from src/main/AndroidManifest.xml:31:13-49
	android:parentActivityName
		ADDED from src/main/AndroidManifest.xml:32:13-67
	android:name
		ADDED from src/main/AndroidManifest.xml:30:13-61
intent-filter#android.intent.category.DEFAULT
ADDED from src/main/AndroidManifest.xml:34:13-36:29
category#android.intent.category.DEFAULT
ADDED from src/main/AndroidManifest.xml:35:17-75
	android:name
		ADDED from src/main/AndroidManifest.xml:35:27-73
activity#com.example.afif.mirrawtest.ui.activity.PhotosActivity
ADDED from src/main/AndroidManifest.xml:40:9-49:20
	android:screenOrientation
		ADDED from src/main/AndroidManifest.xml:42:13-49
	android:parentActivityName
		ADDED from src/main/AndroidManifest.xml:43:13-67
	android:name
		ADDED from src/main/AndroidManifest.xml:41:13-55
uses-sdk
INJECTED from src/main/AndroidManifest.xml reason: use-sdk injection requested
MERGED from [com.android.support:appcompat-v7:23.1.1] AndroidManifest.xml:20:5-43
MERGED from [com.android.support:support-v4:23.1.1] AndroidManifest.xml:20:5-43
MERGED from [com.android.support:design:23.1.1] AndroidManifest.xml:20:5-43
MERGED from [com.android.support:appcompat-v7:23.1.1] AndroidManifest.xml:20:5-43
MERGED from [com.android.support:support-v4:23.1.1] AndroidManifest.xml:20:5-43
MERGED from [com.android.support:recyclerview-v7:23.1.1] AndroidManifest.xml:20:5-43
MERGED from [com.android.support:support-v4:23.1.1] AndroidManifest.xml:20:5-43
MERGED from [com.android.support:support-v4:23.1.1] AndroidManifest.xml:20:5-43
MERGED from [com.android.support:cardview-v7:23.1.0] AndroidManifest.xml:20:5-43
	android:targetSdkVersion
		INJECTED from src/main/AndroidManifest.xml
		INJECTED from src/main/AndroidManifest.xml
	android:minSdkVersion
		INJECTED from src/main/AndroidManifest.xml
		INJECTED from src/main/AndroidManifest.xml